1548948636.274689 client started (12384): version 2.8, socket /tmp/tmux-2351/default, protocol 8
1548948636.274720 on Linux 3.10.0-957.1.3.el7.x86_64 #1 SMP Thu Nov 29 14:49:43 UTC 2018; libevent 2.0.19-stable (poll)
1548948636.274745 socket is /tmp/tmux-2351/default
1548948636.274754 trying connect
1548948636.274824 add peer 0x1b5b230: 6 ((nil))
1548948636.274890 sending message 100 to peer 0x1b5b230 (4 bytes)
1548948636.274900 sending message 101 to peer 0x1b5b230 (16 bytes)
1548948636.274905 sending message 102 to peer 0x1b5b230 (12 bytes)
1548948636.274910 sending message 108 to peer 0x1b5b230 (48 bytes)
1548948636.274916 sending message 104 to peer 0x1b5b230 (0 bytes)
1548948636.274921 sending message 107 to peer 0x1b5b230 (4 bytes)
1548948636.274926 sending message 105 to peer 0x1b5b230 (23 bytes)
1548948636.274931 sending message 105 to peer 0x1b5b230 (15 bytes)
1548948636.274936 sending message 105 to peer 0x1b5b230 (27 bytes)
1548948636.274940 sending message 105 to peer 0x1b5b230 (15 bytes)
1548948636.274945 sending message 105 to peer 0x1b5b230 (17 bytes)
1548948636.274950 sending message 105 to peer 0x1b5b230 (19 bytes)
1548948636.274954 sending message 105 to peer 0x1b5b230 (15 bytes)
1548948636.274959 sending message 105 to peer 0x1b5b230 (8 bytes)
1548948636.274964 sending message 105 to peer 0x1b5b230 (35 bytes)
1548948636.274968 sending message 105 to peer 0x1b5b230 (15 bytes)
1548948636.274973 sending message 105 to peer 0x1b5b230 (32 bytes)
1548948636.274978 sending message 105 to peer 0x1b5b230 (1720 bytes)
1548948636.274994 sending message 105 to peer 0x1b5b230 (28 bytes)
1548948636.274999 sending message 105 to peer 0x1b5b230 (35 bytes)
1548948636.275003 sending message 105 to peer 0x1b5b230 (33 bytes)
1548948636.275008 sending message 105 to peer 0x1b5b230 (11 bytes)
1548948636.275013 sending message 105 to peer 0x1b5b230 (498 bytes)
1548948636.275018 sending message 105 to peer 0x1b5b230 (52 bytes)
1548948636.275023 sending message 105 to peer 0x1b5b230 (28 bytes)
1548948636.275027 sending message 105 to peer 0x1b5b230 (15 bytes)
1548948636.275032 sending message 105 to peer 0x1b5b230 (8 bytes)
1548948636.275037 sending message 105 to peer 0x1b5b230 (32 bytes)
1548948636.275041 sending message 105 to peer 0x1b5b230 (52 bytes)
1548948636.275046 sending message 105 to peer 0x1b5b230 (19 bytes)
1548948636.275050 sending message 105 to peer 0x1b5b230 (21 bytes)
1548948636.275055 sending message 105 to peer 0x1b5b230 (36 bytes)
1548948636.275060 sending message 105 to peer 0x1b5b230 (14 bytes)
1548948636.275064 sending message 105 to peer 0x1b5b230 (62 bytes)
1548948636.275069 sending message 105 to peer 0x1b5b230 (12 bytes)
1548948636.275073 sending message 105 to peer 0x1b5b230 (130 bytes)
1548948636.275078 sending message 105 to peer 0x1b5b230 (21 bytes)
1548948636.275083 sending message 105 to peer 0x1b5b230 (37 bytes)
1548948636.275087 sending message 105 to peer 0x1b5b230 (39 bytes)
1548948636.275092 sending message 105 to peer 0x1b5b230 (22 bytes)
1548948636.275097 sending message 105 to peer 0x1b5b230 (20 bytes)
1548948636.275101 sending message 105 to peer 0x1b5b230 (21 bytes)
1548948636.275106 sending message 105 to peer 0x1b5b230 (22 bytes)
1548948636.275110 sending message 105 to peer 0x1b5b230 (25 bytes)
1548948636.275115 sending message 105 to peer 0x1b5b230 (29 bytes)
1548948636.275120 sending message 105 to peer 0x1b5b230 (27 bytes)
1548948636.275124 sending message 105 to peer 0x1b5b230 (18 bytes)
1548948636.275129 sending message 105 to peer 0x1b5b230 (21 bytes)
1548948636.275133 sending message 105 to peer 0x1b5b230 (23 bytes)
1548948636.275138 sending message 105 to peer 0x1b5b230 (23 bytes)
1548948636.275143 sending message 105 to peer 0x1b5b230 (20 bytes)
1548948636.275147 sending message 105 to peer 0x1b5b230 (26 bytes)
1548948636.275152 sending message 105 to peer 0x1b5b230 (28 bytes)
1548948636.275157 sending message 105 to peer 0x1b5b230 (28 bytes)
1548948636.275161 sending message 105 to peer 0x1b5b230 (18 bytes)
1548948636.275166 sending message 105 to peer 0x1b5b230 (37 bytes)
1548948636.275175 sending message 105 to peer 0x1b5b230 (37 bytes)
1548948636.275180 sending message 105 to peer 0x1b5b230 (45 bytes)
1548948636.275185 sending message 105 to peer 0x1b5b230 (23 bytes)
1548948636.275189 sending message 105 to peer 0x1b5b230 (29 bytes)
1548948636.275194 sending message 105 to peer 0x1b5b230 (30 bytes)
1548948636.275199 sending message 105 to peer 0x1b5b230 (70 bytes)
1548948636.275203 sending message 105 to peer 0x1b5b230 (45 bytes)
1548948636.275208 sending message 105 to peer 0x1b5b230 (112 bytes)
1548948636.275213 sending message 105 to peer 0x1b5b230 (79 bytes)
1548948636.275217 sending message 105 to peer 0x1b5b230 (40 bytes)
1548948636.275222 sending message 105 to peer 0x1b5b230 (51 bytes)
1548948636.275227 sending message 105 to peer 0x1b5b230 (21 bytes)
1548948636.275231 sending message 105 to peer 0x1b5b230 (41 bytes)
1548948636.275236 sending message 105 to peer 0x1b5b230 (32 bytes)
1548948636.275241 sending message 105 to peer 0x1b5b230 (41 bytes)
1548948636.275245 sending message 105 to peer 0x1b5b230 (35 bytes)
1548948636.275250 sending message 106 to peer 0x1b5b230 (0 bytes)
1548948636.275258 sending message 200 to peer 0x1b5b230 (4 bytes)
1548948636.275262 client loop enter
1548948636.277126 peer 0x1b5b230 message 211
1548948636.277137 client_write: sessions should be nested with care, unset $TMUX to force\n
1548948636.277158 peer 0x1b5b230 message 203
1548948636.277163 client loop exit
